<?xml version="1.0" encoding="UTF-8"?>
<coverage generated="1583027147696" clover="3.2.0">
  <project timestamp="1583027147696" name="All files">
    <metrics statements="180" coveredstatements="172" conditionals="109" coveredconditionals="97" methods="58" coveredmethods="56" elements="347" coveredelements="325" complexity="0" loc="180" ncloc="180" packages="5" files="18" classes="18"/>
    <package name="components">
      <metrics statements="23" coveredstatements="23" conditionals="6" coveredconditionals="6" methods="12" coveredmethods="12"/>
      <file name="Application.js" path="C:\Users\bryce\Documents\repos\scheduler\src\components\Application.js">
        <metrics statements="4" coveredstatements="4" conditionals="0" coveredconditionals="0" methods="2" coveredmethods="2"/>
        <line num="14" count="16" type="stmt"/>
        <line num="22" count="16" type="stmt"/>
        <line num="23" count="20" type="stmt"/>
        <line num="35" count="16" type="stmt"/>
      </file>
      <file name="Button.js" path="C:\Users\bryce\Documents\repos\scheduler\src\components\Button.js">
        <metrics statements="2" coveredstatements="2" conditionals="0" coveredconditionals="0" methods="1" coveredmethods="1"/>
        <line num="13" count="51" type="stmt"/>
        <line num="18" count="51" type="stmt"/>
      </file>
      <file name="DayList.js" path="C:\Users\bryce\Documents\repos\scheduler\src\components\DayList.js">
        <metrics statements="2" coveredstatements="2" conditionals="0" coveredconditionals="0" methods="2" coveredmethods="2"/>
        <line num="6" count="16" type="stmt"/>
        <line num="9" count="20" type="stmt"/>
      </file>
      <file name="DayListItem.js" path="C:\Users\bryce\Documents\repos\scheduler\src\components\DayListItem.js">
        <metrics statements="9" coveredstatements="9" conditionals="4" coveredconditionals="4" methods="3" coveredmethods="3"/>
        <line num="6" count="24" type="stmt"/>
        <line num="11" count="24" type="stmt"/>
        <line num="12" count="24" type="cond" truecount="2" falsecount="0"/>
        <line num="13" count="2" type="stmt"/>
        <line num="14" count="22" type="cond" truecount="2" falsecount="0"/>
        <line num="15" count="19" type="stmt"/>
        <line num="17" count="3" type="stmt"/>
        <line num="21" count="24" type="stmt"/>
        <line num="22" count="1" type="stmt"/>
      </file>
      <file name="InterviewerList.js" path="C:\Users\bryce\Documents\repos\scheduler\src\components\InterviewerList.js">
        <metrics statements="4" coveredstatements="4" conditionals="0" coveredconditionals="0" methods="3" coveredmethods="3"/>
        <line num="7" count="20" type="stmt"/>
        <line num="12" count="29" type="stmt"/>
        <line num="16" count="3" type="stmt"/>
        <line num="27" count="3" type="stmt"/>
      </file>
      <file name="InterviewerListItem.js" path="C:\Users\bryce\Documents\repos\scheduler\src\components\InterviewerListItem.js">
        <metrics statements="2" coveredstatements="2" conditionals="2" coveredconditionals="2" methods="1" coveredmethods="1"/>
        <line num="11" count="29" type="stmt"/>
        <line num="15" count="29" type="stmt"/>
      </file>
    </package>
    <package name="components.Appointment">
      <metrics statements="56" coveredstatements="56" conditionals="35" coveredconditionals="33" methods="24" coveredmethods="24"/>
      <file name="Confirm.js" path="C:\Users\bryce\Documents\repos\scheduler\src\components\Appointment\Confirm.js">
        <metrics statements="1" coveredstatements="1" conditionals="0" coveredconditionals="0" methods="1" coveredmethods="1"/>
        <line num="5" count="2" type="stmt"/>
      </file>
      <file name="Empty.js" path="C:\Users\bryce\Documents\repos\scheduler\src\components\Appointment\Empty.js">
        <metrics statements="1" coveredstatements="1" conditionals="0" coveredconditionals="0" methods="1" coveredmethods="1"/>
        <line num="4" count="28" type="stmt"/>
      </file>
      <file name="Error.js" path="C:\Users\bryce\Documents\repos\scheduler\src\components\Appointment\Error.js">
        <metrics statements="1" coveredstatements="1" conditionals="0" coveredconditionals="0" methods="1" coveredmethods="1"/>
        <line num="4" count="2" type="stmt"/>
      </file>
      <file name="Form.js" path="C:\Users\bryce\Documents\repos\scheduler\src\components\Appointment\Form.js">
        <metrics statements="19" coveredstatements="19" conditionals="6" coveredconditionals="6" methods="7" coveredmethods="7"/>
        <line num="13" count="20" type="cond" truecount="2" falsecount="0"/>
        <line num="14" count="20" type="cond" truecount="2" falsecount="0"/>
        <line num="15" count="20" type="stmt"/>
        <line num="17" count="20" type="stmt"/>
        <line num="18" count="1" type="stmt"/>
        <line num="19" count="1" type="stmt"/>
        <line num="22" count="20" type="stmt"/>
        <line num="23" count="1" type="stmt"/>
        <line num="24" count="1" type="stmt"/>
        <line num="27" count="20" type="stmt"/>
        <line num="28" count="1" type="stmt"/>
        <line num="31" count="20" type="stmt"/>
        <line num="32" count="7" type="cond" truecount="2" falsecount="0"/>
        <line num="33" count="2" type="stmt"/>
        <line num="35" count="5" type="stmt"/>
        <line num="36" count="5" type="stmt"/>
        <line num="40" count="20" type="stmt"/>
        <line num="55" count="4" type="stmt"/>
        <line num="63" count="3" type="stmt"/>
      </file>
      <file name="Header.js" path="C:\Users\bryce\Documents\repos\scheduler\src\components\Appointment\Header.js">
        <metrics statements="1" coveredstatements="1" conditionals="0" coveredconditionals="0" methods="1" coveredmethods="1"/>
        <line num="4" count="55" type="stmt"/>
      </file>
      <file name="Show.js" path="C:\Users\bryce\Documents\repos\scheduler\src\components\Appointment\Show.js">
        <metrics statements="1" coveredstatements="1" conditionals="0" coveredconditionals="0" methods="1" coveredmethods="1"/>
        <line num="4" count="12" type="stmt"/>
      </file>
      <file name="Status.js" path="C:\Users\bryce\Documents\repos\scheduler\src\components\Appointment\Status.js">
        <metrics statements="1" coveredstatements="1" conditionals="0" coveredconditionals="0" methods="1" coveredmethods="1"/>
        <line num="4" count="8" type="stmt"/>
      </file>
      <file name="index.js" path="C:\Users\bryce\Documents\repos\scheduler\src\components\Appointment\index.js">
        <metrics statements="31" coveredstatements="31" conditionals="29" coveredconditionals="27" methods="11" coveredmethods="11"/>
        <line num="21" count="55" type="stmt"/>
        <line num="22" count="55" type="stmt"/>
        <line num="23" count="55" type="stmt"/>
        <line num="24" count="55" type="stmt"/>
        <line num="25" count="55" type="stmt"/>
        <line num="26" count="55" type="stmt"/>
        <line num="27" count="55" type="stmt"/>
        <line num="28" count="55" type="stmt"/>
        <line num="29" count="55" type="stmt"/>
        <line num="31" count="55" type="cond" truecount="2" falsecount="0"/>
        <line num="33" count="55" type="stmt"/>
        <line num="34" count="2" type="stmt"/>
        <line num="37" count="55" type="stmt"/>
        <line num="38" count="1" type="stmt"/>
        <line num="41" count="55" type="stmt"/>
        <line num="42" count="3" type="stmt"/>
        <line num="47" count="3" type="stmt"/>
        <line num="48" count="3" type="stmt"/>
        <line num="50" count="2" type="stmt"/>
        <line num="53" count="1" type="stmt"/>
        <line num="57" count="55" type="stmt"/>
        <line num="58" count="2" type="stmt"/>
        <line num="61" count="55" type="stmt"/>
        <line num="62" count="2" type="stmt"/>
        <line num="63" count="2" type="stmt"/>
        <line num="65" count="1" type="stmt"/>
        <line num="68" count="1" type="stmt"/>
        <line num="72" count="55" type="stmt"/>
        <line num="73" count="55" type="cond" truecount="3" falsecount="1"/>
        <line num="74" count="55" type="cond" truecount="3" falsecount="1"/>
        <line num="77" count="55" type="stmt"/>
      </file>
    </package>
    <package name="helpers">
      <metrics statements="41" coveredstatements="41" conditionals="34" coveredconditionals="34" methods="5" coveredmethods="5"/>
      <file name="selectors.js" path="C:\Users\bryce\Documents\repos\scheduler\src\helpers\selectors.js">
        <metrics statements="41" coveredstatements="41" conditionals="34" coveredconditionals="34" methods="5" coveredmethods="5"/>
        <line num="6" count="2" type="stmt"/>
        <line num="7" count="23" type="cond" truecount="4" falsecount="0"/>
        <line num="8" count="1" type="stmt"/>
        <line num="11" count="22" type="cond" truecount="4" falsecount="0"/>
        <line num="12" count="7" type="stmt"/>
        <line num="15" count="35" type="stmt"/>
        <line num="16" count="15" type="cond" truecount="2" falsecount="0"/>
        <line num="17" count="1" type="stmt"/>
        <line num="20" count="14" type="stmt"/>
        <line num="22" count="14" type="stmt"/>
        <line num="23" count="14" type="stmt"/>
        <line num="24" count="30" type="cond" truecount="2" falsecount="0"/>
        <line num="25" count="28" type="stmt"/>
        <line num="29" count="14" type="stmt"/>
        <line num="37" count="2" type="stmt"/>
        <line num="38" count="25" type="cond" truecount="4" falsecount="0"/>
        <line num="39" count="1" type="stmt"/>
        <line num="42" count="24" type="cond" truecount="2" falsecount="0"/>
        <line num="44" count="13" type="stmt"/>
        <line num="48" count="13" type="cond" truecount="2" falsecount="0"/>
        <line num="49" count="12" type="cond" truecount="2" falsecount="0"/>
        <line num="50" count="11" type="stmt"/>
        <line num="51" count="11" type="stmt"/>
        <line num="55" count="2" type="stmt"/>
        <line num="63" count="2" type="stmt"/>
        <line num="64" count="27" type="stmt"/>
        <line num="65" count="27" type="cond" truecount="4" falsecount="0"/>
        <line num="66" count="1" type="stmt"/>
        <line num="69" count="26" type="stmt"/>
        <line num="70" count="26" type="cond" truecount="2" falsecount="0"/>
        <line num="74" count="1" type="stmt"/>
        <line num="77" count="55" type="stmt"/>
        <line num="78" count="25" type="cond" truecount="2" falsecount="0"/>
        <line num="79" count="1" type="stmt"/>
        <line num="81" count="24" type="stmt"/>
        <line num="83" count="24" type="stmt"/>
        <line num="84" count="24" type="stmt"/>
        <line num="85" count="46" type="cond" truecount="2" falsecount="0"/>
        <line num="86" count="44" type="stmt"/>
        <line num="90" count="24" type="stmt"/>
        <line num="93" count="2" type="stmt"/>
      </file>
    </package>
    <package name="hooks">
      <metrics statements="39" coveredstatements="32" conditionals="15" coveredconditionals="8" methods="14" coveredmethods="12"/>
      <file name="useApplicationData.js" path="C:\Users\bryce\Documents\repos\scheduler\src\hooks\useApplicationData.js">
        <metrics statements="23" coveredstatements="16" conditionals="10" coveredconditionals="3" methods="10" coveredmethods="8"/>
        <line num="10" count="1" type="stmt"/>
        <line num="11" count="16" type="stmt"/>
        <line num="13" count="16" type="stmt"/>
        <line num="15" count="16" type="stmt"/>
        <line num="16" count="3" type="stmt"/>
        <line num="19" count="2" type="cond" truecount="2" falsecount="0"/>
        <line num="41" count="16" type="stmt"/>
        <line num="42" count="2" type="stmt"/>
        <line num="45" count="1" type="stmt"/>
        <line num="52" count="16" type="stmt"/>
        <line num="53" count="6" type="stmt"/>
        <line num="58" count="6" type="stmt"/>
        <line num="59" count="0" type="stmt"/>
        <line num="62" count="6" type="stmt"/>
        <line num="63" count="0" type="stmt"/>
        <line num="64" count="0" type="stmt"/>
        <line num="66" count="0" type="cond" truecount="0" falsecount="2"/>
        <line num="67" count="0" type="stmt"/>
        <line num="68" count="0" type="cond" truecount="0" falsecount="2"/>
        <line num="69" count="0" type="stmt"/>
        <line num="81" count="6" type="stmt"/>
        <line num="86" count="6" type="stmt"/>
        <line num="99" count="16" type="stmt"/>
      </file>
      <file name="useVisualMode.js" path="C:\Users\bryce\Documents\repos\scheduler\src\hooks\useVisualMode.js">
        <metrics statements="16" coveredstatements="16" conditionals="5" coveredconditionals="5" methods="4" coveredmethods="4"/>
        <line num="3" count="3" type="stmt"/>
        <line num="4" count="68" type="stmt"/>
        <line num="5" count="68" type="stmt"/>
        <line num="7" count="68" type="cond" truecount="1" falsecount="0"/>
        <line num="8" count="20" type="stmt"/>
        <line num="10" count="20" type="cond" truecount="2" falsecount="0"/>
        <line num="11" count="15" type="stmt"/>
        <line num="15" count="68" type="stmt"/>
        <line num="17" count="4" type="cond" truecount="2" falsecount="0"/>
        <line num="18" count="1" type="stmt"/>
        <line num="21" count="3" type="stmt"/>
        <line num="22" count="3" type="stmt"/>
        <line num="23" count="3" type="stmt"/>
        <line num="24" count="3" type="stmt"/>
        <line num="25" count="3" type="stmt"/>
        <line num="29" count="68" type="stmt"/>
      </file>
    </package>
    <package name="reducers">
      <metrics statements="21" coveredstatements="20" conditionals="19" coveredconditionals="16" methods="3" coveredmethods="3"/>
      <file name="application.js" path="C:\Users\bryce\Documents\repos\scheduler\src\reducers\application.js">
        <metrics statements="21" coveredstatements="20" conditionals="19" coveredconditionals="16" methods="3" coveredmethods="3"/>
        <line num="1" count="2" type="stmt"/>
        <line num="2" count="2" type="stmt"/>
        <line num="3" count="2" type="stmt"/>
        <line num="4" count="2" type="stmt"/>
        <line num="7" count="11" type="cond" truecount="4" falsecount="1"/>
        <line num="9" count="6" type="stmt"/>
        <line num="11" count="1" type="stmt"/>
        <line num="13" count="0" type="stmt"/>
        <line num="15" count="3" type="stmt"/>
        <line num="16" count="3" type="cond" truecount="2" falsecount="2"/>
        <line num="18" count="3" type="stmt"/>
        <line num="23" count="3" type="stmt"/>
        <line num="28" count="3" type="stmt"/>
        <line num="31" count="3" type="cond" truecount="4" falsecount="0"/>
        <line num="32" count="1" type="stmt"/>
        <line num="33" count="2" type="cond" truecount="2" falsecount="0"/>
        <line num="35" count="2" type="cond" truecount="2" falsecount="0"/>
        <line num="36" count="1" type="stmt"/>
        <line num="37" count="2" type="cond" truecount="2" falsecount="0"/>
        <line num="41" count="3" type="stmt"/>
        <line num="48" count="1" type="stmt"/>
      </file>
    </package>
  </project>
</coverage>
