{"C:\\Users\\bryce\\Documents\\repos\\scheduler\\src\\components\\Application.js": {"path":"C:\\Users\\bryce\\Documents\\repos\\scheduler\\src\\components\\Application.js","statementMap":{"0":{"start":{"line":14,"column":60},"end":{"line":20,"column":4}},"1":{"start":{"line":22,"column":23},"end":{"line":33,"column":4}},"2":{"start":{"line":23,"column":4},"end":{"line":32,"column":6}},"3":{"start":{"line":35,"column":2},"end":{"line":58,"column":4}}},"fnMap":{"0":{"name":"Application","decl":{"start":{"line":13,"column":24},"end":{"line":13,"column":35}},"loc":{"start":{"line":13,"column":38},"end":{"line":59,"column":1}},"line":13},"1":{"name":"(anonymous_1)","decl":{"start":{"line":22,"column":67},"end":{"line":22,"column":68}},"loc":{"start":{"line":22,"column":75},"end":{"line":33,"column":3}},"line":22}},"branchMap":{},"s":{"0":16,"1":16,"2":20,"3":16},"f":{"0":16,"1":20},"b":{},"_coverageSchema":"43e27e138ebf9cfc5966b082cf9a028302ed4184","hash":"921bf0eec7e97efde98c4ac6da513a7b5c591092"}
,"C:\\Users\\bryce\\Documents\\repos\\scheduler\\src\\components\\Button.js": {"path":"C:\\Users\\bryce\\Documents\\repos\\scheduler\\src\\components\\Button.js","statementMap":{"0":{"start":{"line":13,"column":20},"end":{"line":16,"column":4}},"1":{"start":{"line":18,"column":2},"end":{"line":22,"column":4}}},"fnMap":{"0":{"name":"Button","decl":{"start":{"line":6,"column":24},"end":{"line":6,"column":30}},"loc":{"start":{"line":12,"column":3},"end":{"line":23,"column":1}},"line":12}},"branchMap":{},"s":{"0":51,"1":51},"f":{"0":51},"b":{},"_coverageSchema":"43e27e138ebf9cfc5966b082cf9a028302ed4184","hash":"6523527910b151a67ddb4b065bab93161fa32e9e"}
,"C:\\Users\\bryce\\Documents\\repos\\scheduler\\src\\components\\DayList.js": {"path":"C:\\Users\\bryce\\Documents\\repos\\scheduler\\src\\components\\DayList.js","statementMap":{"0":{"start":{"line":6,"column":2},"end":{"line":20,"column":4}},"1":{"start":{"line":9,"column":8},"end":{"line":17,"column":10}}},"fnMap":{"0":{"name":"DayList","decl":{"start":{"line":5,"column":24},"end":{"line":5,"column":31}},"loc":{"start":{"line":5,"column":55},"end":{"line":21,"column":1}},"line":5},"1":{"name":"(anonymous_1)","decl":{"start":{"line":8,"column":16},"end":{"line":8,"column":17}},"loc":{"start":{"line":8,"column":28},"end":{"line":18,"column":7}},"line":8}},"branchMap":{},"s":{"0":16,"1":20},"f":{"0":16,"1":20},"b":{},"_coverageSchema":"43e27e138ebf9cfc5966b082cf9a028302ed4184","hash":"07c89de1017e5ca3513a0e0ece97755531ac719a"}
,"C:\\Users\\bryce\\Documents\\repos\\scheduler\\src\\components\\DayListItem.js": {"path":"C:\\Users\\bryce\\Documents\\repos\\scheduler\\src\\components\\DayListItem.js","statementMap":{"0":{"start":{"line":6,"column":17},"end":{"line":9,"column":4}},"1":{"start":{"line":11,"column":22},"end":{"line":19,"column":3}},"2":{"start":{"line":12,"column":4},"end":{"line":18,"column":5}},"3":{"start":{"line":13,"column":6},"end":{"line":13,"column":40}},"4":{"start":{"line":14,"column":11},"end":{"line":18,"column":5}},"5":{"start":{"line":15,"column":6},"end":{"line":15,"column":32}},"6":{"start":{"line":17,"column":6},"end":{"line":17,"column":34}},"7":{"start":{"line":21,"column":2},"end":{"line":26,"column":4}},"8":{"start":{"line":22,"column":44},"end":{"line":22,"column":56}}},"fnMap":{"0":{"name":"DayListItem","decl":{"start":{"line":5,"column":24},"end":{"line":5,"column":35}},"loc":{"start":{"line":5,"column":71},"end":{"line":27,"column":1}},"line":5},"1":{"name":"(anonymous_1)","decl":{"start":{"line":11,"column":22},"end":{"line":11,"column":23}},"loc":{"start":{"line":11,"column":31},"end":{"line":19,"column":3}},"line":11},"2":{"name":"(anonymous_2)","decl":{"start":{"line":22,"column":38},"end":{"line":22,"column":39}},"loc":{"start":{"line":22,"column":44},"end":{"line":22,"column":56}},"line":22}},"branchMap":{"0":{"loc":{"start":{"line":12,"column":4},"end":{"line":18,"column":5}},"type":"if","locations":[{"start":{"line":12,"column":4},"end":{"line":18,"column":5}},{"start":{"line":12,"column":4},"end":{"line":18,"column":5}}],"line":12},"1":{"loc":{"start":{"line":14,"column":11},"end":{"line":18,"column":5}},"type":"if","locations":[{"start":{"line":14,"column":11},"end":{"line":18,"column":5}},{"start":{"line":14,"column":11},"end":{"line":18,"column":5}}],"line":14}},"s":{"0":24,"1":24,"2":24,"3":2,"4":22,"5":19,"6":3,"7":24,"8":1},"f":{"0":24,"1":24,"2":1},"b":{"0":[2,22],"1":[19,3]},"_coverageSchema":"43e27e138ebf9cfc5966b082cf9a028302ed4184","hash":"f96a477e4035e57dc27a6ede0bb7f2790de67333"}
,"C:\\Users\\bryce\\Documents\\repos\\scheduler\\src\\components\\InterviewerList.js": {"path":"C:\\Users\\bryce\\Documents\\repos\\scheduler\\src\\components\\InterviewerList.js","statementMap":{"0":{"start":{"line":7,"column":2},"end":{"line":24,"column":4}},"1":{"start":{"line":12,"column":10},"end":{"line":20,"column":12}},"2":{"start":{"line":16,"column":35},"end":{"line":16,"column":53}},"3":{"start":{"line":27,"column":0},"end":{"line":30,"column":2}}},"fnMap":{"0":{"name":"InterviewerList","decl":{"start":{"line":6,"column":24},"end":{"line":6,"column":39}},"loc":{"start":{"line":6,"column":75},"end":{"line":25,"column":1}},"line":6},"1":{"name":"(anonymous_1)","decl":{"start":{"line":11,"column":26},"end":{"line":11,"column":27}},"loc":{"start":{"line":11,"column":42},"end":{"line":21,"column":9}},"line":11},"2":{"name":"(anonymous_2)","decl":{"start":{"line":16,"column":30},"end":{"line":16,"column":31}},"loc":{"start":{"line":16,"column":35},"end":{"line":16,"column":53}},"line":16}},"branchMap":{},"s":{"0":20,"1":29,"2":3,"3":3},"f":{"0":20,"1":29,"2":3},"b":{},"_coverageSchema":"43e27e138ebf9cfc5966b082cf9a028302ed4184","hash":"3661169e1a2f59ad42d31431af8b4256a6d78912"}
,"C:\\Users\\bryce\\Documents\\repos\\scheduler\\src\\components\\InterviewerListItem.js": {"path":"C:\\Users\\bryce\\Documents\\repos\\scheduler\\src\\components\\InterviewerListItem.js","statementMap":{"0":{"start":{"line":11,"column":27},"end":{"line":13,"column":4}},"1":{"start":{"line":15,"column":2},"end":{"line":20,"column":4}}},"fnMap":{"0":{"name":"InterviewerListItem","decl":{"start":{"line":5,"column":24},"end":{"line":5,"column":43}},"loc":{"start":{"line":10,"column":3},"end":{"line":21,"column":1}},"line":10}},"branchMap":{"0":{"loc":{"start":{"line":18,"column":7},"end":{"line":18,"column":23}},"type":"binary-expr","locations":[{"start":{"line":18,"column":7},"end":{"line":18,"column":15}},{"start":{"line":18,"column":19},"end":{"line":18,"column":23}}],"line":18}},"s":{"0":29,"1":29},"f":{"0":29},"b":{"0":[29,5]},"_coverageSchema":"43e27e138ebf9cfc5966b082cf9a028302ed4184","hash":"fde54182b79b7943d06aeea7374718a061e3d66f"}
,"C:\\Users\\bryce\\Documents\\repos\\scheduler\\src\\components\\Appointment\\Confirm.js": {"path":"C:\\Users\\bryce\\Documents\\repos\\scheduler\\src\\components\\Appointment\\Confirm.js","statementMap":{"0":{"start":{"line":5,"column":2},"end":{"line":17,"column":4}}},"fnMap":{"0":{"name":"Confirm","decl":{"start":{"line":4,"column":24},"end":{"line":4,"column":31}},"loc":{"start":{"line":4,"column":66},"end":{"line":18,"column":1}},"line":4}},"branchMap":{},"s":{"0":2},"f":{"0":2},"b":{},"_coverageSchema":"43e27e138ebf9cfc5966b082cf9a028302ed4184","hash":"e9e965cbb17502c8bf10dbe6077fee81cbe3838a"}
,"C:\\Users\\bryce\\Documents\\repos\\scheduler\\src\\components\\Appointment\\Empty.js": {"path":"C:\\Users\\bryce\\Documents\\repos\\scheduler\\src\\components\\Appointment\\Empty.js","statementMap":{"0":{"start":{"line":4,"column":2},"end":{"line":13,"column":4}}},"fnMap":{"0":{"name":"Empty","decl":{"start":{"line":3,"column":24},"end":{"line":3,"column":29}},"loc":{"start":{"line":3,"column":43},"end":{"line":14,"column":1}},"line":3}},"branchMap":{},"s":{"0":28},"f":{"0":28},"b":{},"_coverageSchema":"43e27e138ebf9cfc5966b082cf9a028302ed4184","hash":"549da51ebd345bf15b711403d59552a600354b9c"}
,"C:\\Users\\bryce\\Documents\\repos\\scheduler\\src\\components\\Appointment\\Error.js": {"path":"C:\\Users\\bryce\\Documents\\repos\\scheduler\\src\\components\\Appointment\\Error.js","statementMap":{"0":{"start":{"line":4,"column":2},"end":{"line":17,"column":4}}},"fnMap":{"0":{"name":"Error","decl":{"start":{"line":3,"column":24},"end":{"line":3,"column":29}},"loc":{"start":{"line":3,"column":52},"end":{"line":18,"column":1}},"line":3}},"branchMap":{},"s":{"0":2},"f":{"0":2},"b":{},"_coverageSchema":"43e27e138ebf9cfc5966b082cf9a028302ed4184","hash":"966d25fc7ab1b224b58b44d6659a1a14cedd37c2"}
,"C:\\Users\\bryce\\Documents\\repos\\scheduler\\src\\components\\Appointment\\Form.js": {"path":"C:\\Users\\bryce\\Documents\\repos\\scheduler\\src\\components\\Appointment\\Form.js","statementMap":{"0":{"start":{"line":13,"column":33},"end":{"line":13,"column":53}},"1":{"start":{"line":14,"column":46},"end":{"line":14,"column":75}},"2":{"start":{"line":15,"column":28},"end":{"line":15,"column":40}},"3":{"start":{"line":17,"column":16},"end":{"line":20,"column":3}},"4":{"start":{"line":18,"column":4},"end":{"line":18,"column":16}},"5":{"start":{"line":19,"column":4},"end":{"line":19,"column":25}},"6":{"start":{"line":22,"column":17},"end":{"line":25,"column":3}},"7":{"start":{"line":23,"column":4},"end":{"line":23,"column":12}},"8":{"start":{"line":24,"column":4},"end":{"line":24,"column":15}},"9":{"start":{"line":27,"column":23},"end":{"line":29,"column":3}},"10":{"start":{"line":28,"column":4},"end":{"line":28,"column":23}},"11":{"start":{"line":31,"column":19},"end":{"line":38,"column":3}},"12":{"start":{"line":32,"column":4},"end":{"line":37,"column":5}},"13":{"start":{"line":33,"column":6},"end":{"line":33,"column":47}},"14":{"start":{"line":35,"column":6},"end":{"line":35,"column":19}},"15":{"start":{"line":36,"column":6},"end":{"line":36,"column":53}},"16":{"start":{"line":40,"column":2},"end":{"line":78,"column":4}},"17":{"start":{"line":55,"column":27},"end":{"line":55,"column":50}},"18":{"start":{"line":63,"column":12},"end":{"line":63,"column":31}}},"fnMap":{"0":{"name":"Form","decl":{"start":{"line":5,"column":24},"end":{"line":5,"column":28}},"loc":{"start":{"line":12,"column":3},"end":{"line":79,"column":1}},"line":12},"1":{"name":"(anonymous_1)","decl":{"start":{"line":17,"column":16},"end":{"line":17,"column":17}},"loc":{"start":{"line":17,"column":22},"end":{"line":20,"column":3}},"line":17},"2":{"name":"(anonymous_2)","decl":{"start":{"line":22,"column":17},"end":{"line":22,"column":18}},"loc":{"start":{"line":22,"column":23},"end":{"line":25,"column":3}},"line":22},"3":{"name":"(anonymous_3)","decl":{"start":{"line":27,"column":23},"end":{"line":27,"column":24}},"loc":{"start":{"line":27,"column":28},"end":{"line":29,"column":3}},"line":27},"4":{"name":"(anonymous_4)","decl":{"start":{"line":31,"column":19},"end":{"line":31,"column":20}},"loc":{"start":{"line":31,"column":25},"end":{"line":38,"column":3}},"line":31},"5":{"name":"(anonymous_5)","decl":{"start":{"line":55,"column":22},"end":{"line":55,"column":23}},"loc":{"start":{"line":55,"column":27},"end":{"line":55,"column":50}},"line":55},"6":{"name":"(anonymous_6)","decl":{"start":{"line":62,"column":20},"end":{"line":62,"column":21}},"loc":{"start":{"line":62,"column":26},"end":{"line":64,"column":11}},"line":62}},"branchMap":{"0":{"loc":{"start":{"line":13,"column":42},"end":{"line":13,"column":52}},"type":"binary-expr","locations":[{"start":{"line":13,"column":42},"end":{"line":13,"column":46}},{"start":{"line":13,"column":50},"end":{"line":13,"column":52}}],"line":13},"1":{"loc":{"start":{"line":14,"column":55},"end":{"line":14,"column":74}},"type":"binary-expr","locations":[{"start":{"line":14,"column":55},"end":{"line":14,"column":66}},{"start":{"line":14,"column":70},"end":{"line":14,"column":74}}],"line":14},"2":{"loc":{"start":{"line":32,"column":4},"end":{"line":37,"column":5}},"type":"if","locations":[{"start":{"line":32,"column":4},"end":{"line":37,"column":5}},{"start":{"line":32,"column":4},"end":{"line":37,"column":5}}],"line":32}},"s":{"0":20,"1":20,"2":20,"3":20,"4":1,"5":1,"6":20,"7":1,"8":1,"9":20,"10":1,"11":20,"12":7,"13":2,"14":5,"15":5,"16":20,"17":4,"18":3},"f":{"0":20,"1":1,"2":1,"3":1,"4":7,"5":4,"6":3},"b":{"0":[20,13],"1":[20,17],"2":[2,5]},"_coverageSchema":"43e27e138ebf9cfc5966b082cf9a028302ed4184","hash":"11441554dd0bf0b96037d131ec8250e7f1e8cbbe"}
,"C:\\Users\\bryce\\Documents\\repos\\scheduler\\src\\components\\Appointment\\Header.js": {"path":"C:\\Users\\bryce\\Documents\\repos\\scheduler\\src\\components\\Appointment\\Header.js","statementMap":{"0":{"start":{"line":4,"column":2},"end":{"line":9,"column":4}}},"fnMap":{"0":{"name":"Header","decl":{"start":{"line":3,"column":24},"end":{"line":3,"column":30}},"loc":{"start":{"line":3,"column":41},"end":{"line":10,"column":1}},"line":3}},"branchMap":{},"s":{"0":55},"f":{"0":55},"b":{},"_coverageSchema":"43e27e138ebf9cfc5966b082cf9a028302ed4184","hash":"0fd564ab4baf9dac8b76229fea19306ad2c8b799"}
,"C:\\Users\\bryce\\Documents\\repos\\scheduler\\src\\components\\Appointment\\Show.js": {"path":"C:\\Users\\bryce\\Documents\\repos\\scheduler\\src\\components\\Appointment\\Show.js","statementMap":{"0":{"start":{"line":4,"column":2},"end":{"line":30,"column":4}}},"fnMap":{"0":{"name":"Show","decl":{"start":{"line":3,"column":24},"end":{"line":3,"column":28}},"loc":{"start":{"line":3,"column":73},"end":{"line":31,"column":1}},"line":3}},"branchMap":{},"s":{"0":12},"f":{"0":12},"b":{},"_coverageSchema":"43e27e138ebf9cfc5966b082cf9a028302ed4184","hash":"5eb78be41338c14966d3d71f79157e1e33d715af"}
,"C:\\Users\\bryce\\Documents\\repos\\scheduler\\src\\components\\Appointment\\Status.js": {"path":"C:\\Users\\bryce\\Documents\\repos\\scheduler\\src\\components\\Appointment\\Status.js","statementMap":{"0":{"start":{"line":4,"column":2},"end":{"line":13,"column":4}}},"fnMap":{"0":{"name":"Status","decl":{"start":{"line":3,"column":24},"end":{"line":3,"column":30}},"loc":{"start":{"line":3,"column":44},"end":{"line":14,"column":1}},"line":3}},"branchMap":{},"s":{"0":8},"f":{"0":8},"b":{},"_coverageSchema":"43e27e138ebf9cfc5966b082cf9a028302ed4184","hash":"534465eed0a20216af6251f8b928c9d33c3fada6"}
,"C:\\Users\\bryce\\Documents\\repos\\scheduler\\src\\components\\Appointment\\index.js": {"path":"C:\\Users\\bryce\\Documents\\repos\\scheduler\\src\\components\\Appointment\\index.js","statementMap":{"0":{"start":{"line":21,"column":16},"end":{"line":21,"column":23}},"1":{"start":{"line":22,"column":15},"end":{"line":22,"column":21}},"2":{"start":{"line":23,"column":17},"end":{"line":23,"column":25}},"3":{"start":{"line":24,"column":17},"end":{"line":24,"column":25}},"4":{"start":{"line":25,"column":18},"end":{"line":25,"column":27}},"5":{"start":{"line":26,"column":19},"end":{"line":26,"column":29}},"6":{"start":{"line":27,"column":15},"end":{"line":27,"column":21}},"7":{"start":{"line":28,"column":23},"end":{"line":28,"column":37}},"8":{"start":{"line":29,"column":25},"end":{"line":29,"column":41}},"9":{"start":{"line":31,"column":37},"end":{"line":31,"column":76}},"10":{"start":{"line":33,"column":16},"end":{"line":35,"column":3}},"11":{"start":{"line":34,"column":4},"end":{"line":34,"column":23}},"12":{"start":{"line":37,"column":17},"end":{"line":39,"column":3}},"13":{"start":{"line":38,"column":4},"end":{"line":38,"column":21}},"14":{"start":{"line":41,"column":17},"end":{"line":55,"column":3}},"15":{"start":{"line":42,"column":25},"end":{"line":45,"column":5}},"16":{"start":{"line":47,"column":4},"end":{"line":47,"column":23}},"17":{"start":{"line":48,"column":4},"end":{"line":54,"column":9}},"18":{"start":{"line":50,"column":8},"end":{"line":50,"column":25}},"19":{"start":{"line":53,"column":8},"end":{"line":53,"column":39}},"20":{"start":{"line":57,"column":19},"end":{"line":59,"column":3}},"21":{"start":{"line":58,"column":4},"end":{"line":58,"column":24}},"22":{"start":{"line":61,"column":26},"end":{"line":70,"column":3}},"23":{"start":{"line":62,"column":4},"end":{"line":62,"column":31}},"24":{"start":{"line":63,"column":4},"end":{"line":69,"column":9}},"25":{"start":{"line":65,"column":8},"end":{"line":65,"column":26}},"26":{"start":{"line":68,"column":8},"end":{"line":68,"column":41}},"27":{"start":{"line":72,"column":2},"end":{"line":75,"column":36}},"28":{"start":{"line":73,"column":4},"end":{"line":73,"column":54}},"29":{"start":{"line":73,"column":37},"end":{"line":73,"column":54}},"30":{"start":{"line":74,"column":4},"end":{"line":74,"column":55}},"31":{"start":{"line":74,"column":37},"end":{"line":74,"column":55}},"32":{"start":{"line":77,"column":2},"end":{"line":121,"column":4}}},"fnMap":{"0":{"name":"Appointment","decl":{"start":{"line":13,"column":24},"end":{"line":13,"column":35}},"loc":{"start":{"line":20,"column":3},"end":{"line":122,"column":1}},"line":20},"1":{"name":"(anonymous_1)","decl":{"start":{"line":33,"column":16},"end":{"line":33,"column":17}},"loc":{"start":{"line":33,"column":22},"end":{"line":35,"column":3}},"line":33},"2":{"name":"(anonymous_2)","decl":{"start":{"line":37,"column":17},"end":{"line":37,"column":18}},"loc":{"start":{"line":37,"column":23},"end":{"line":39,"column":3}},"line":37},"3":{"name":"(anonymous_3)","decl":{"start":{"line":41,"column":17},"end":{"line":41,"column":18}},"loc":{"start":{"line":41,"column":48},"end":{"line":55,"column":3}},"line":41},"4":{"name":"(anonymous_4)","decl":{"start":{"line":49,"column":12},"end":{"line":49,"column":13}},"loc":{"start":{"line":49,"column":19},"end":{"line":51,"column":7}},"line":49},"5":{"name":"(anonymous_5)","decl":{"start":{"line":52,"column":13},"end":{"line":52,"column":14}},"loc":{"start":{"line":52,"column":20},"end":{"line":54,"column":7}},"line":52},"6":{"name":"(anonymous_6)","decl":{"start":{"line":57,"column":19},"end":{"line":57,"column":20}},"loc":{"start":{"line":57,"column":25},"end":{"line":59,"column":3}},"line":57},"7":{"name":"(anonymous_7)","decl":{"start":{"line":61,"column":26},"end":{"line":61,"column":27}},"loc":{"start":{"line":61,"column":32},"end":{"line":70,"column":3}},"line":61},"8":{"name":"(anonymous_8)","decl":{"start":{"line":64,"column":12},"end":{"line":64,"column":13}},"loc":{"start":{"line":64,"column":19},"end":{"line":66,"column":7}},"line":64},"9":{"name":"(anonymous_9)","decl":{"start":{"line":67,"column":13},"end":{"line":67,"column":14}},"loc":{"start":{"line":67,"column":20},"end":{"line":69,"column":7}},"line":67},"10":{"name":"(anonymous_10)","decl":{"start":{"line":72,"column":12},"end":{"line":72,"column":13}},"loc":{"start":{"line":72,"column":18},"end":{"line":75,"column":3}},"line":72}},"branchMap":{"0":{"loc":{"start":{"line":31,"column":51},"end":{"line":31,"column":75}},"type":"cond-expr","locations":[{"start":{"line":31,"column":63},"end":{"line":31,"column":67}},{"start":{"line":31,"column":70},"end":{"line":31,"column":75}}],"line":31},"1":{"loc":{"start":{"line":73,"column":4},"end":{"line":73,"column":54}},"type":"if","locations":[{"start":{"line":73,"column":4},"end":{"line":73,"column":54}},{"start":{"line":73,"column":4},"end":{"line":73,"column":54}}],"line":73},"2":{"loc":{"start":{"line":73,"column":8},"end":{"line":73,"column":35}},"type":"binary-expr","locations":[{"start":{"line":73,"column":8},"end":{"line":73,"column":22}},{"start":{"line":73,"column":26},"end":{"line":73,"column":35}}],"line":73},"3":{"loc":{"start":{"line":74,"column":4},"end":{"line":74,"column":55}},"type":"if","locations":[{"start":{"line":74,"column":4},"end":{"line":74,"column":55}},{"start":{"line":74,"column":4},"end":{"line":74,"column":55}}],"line":74},"4":{"loc":{"start":{"line":74,"column":8},"end":{"line":74,"column":35}},"type":"binary-expr","locations":[{"start":{"line":74,"column":8},"end":{"line":74,"column":21}},{"start":{"line":74,"column":25},"end":{"line":74,"column":35}}],"line":74},"5":{"loc":{"start":{"line":80,"column":7},"end":{"line":80,"column":50}},"type":"binary-expr","locations":[{"start":{"line":80,"column":7},"end":{"line":80,"column":21}},{"start":{"line":80,"column":25},"end":{"line":80,"column":50}}],"line":80},"6":{"loc":{"start":{"line":81,"column":7},"end":{"line":88,"column":7}},"type":"binary-expr","locations":[{"start":{"line":81,"column":7},"end":{"line":81,"column":20}},{"start":{"line":81,"column":24},"end":{"line":81,"column":33}},{"start":{"line":82,"column":8},"end":{"line":87,"column":10}}],"line":81},"7":{"loc":{"start":{"line":89,"column":7},"end":{"line":96,"column":7}},"type":"binary-expr","locations":[{"start":{"line":89,"column":7},"end":{"line":89,"column":22}},{"start":{"line":90,"column":8},"end":{"line":95,"column":10}}],"line":89},"8":{"loc":{"start":{"line":97,"column":7},"end":{"line":106,"column":7}},"type":"binary-expr","locations":[{"start":{"line":97,"column":7},"end":{"line":97,"column":20}},{"start":{"line":98,"column":8},"end":{"line":105,"column":10}}],"line":97},"9":{"loc":{"start":{"line":107,"column":7},"end":{"line":107,"column":56}},"type":"binary-expr","locations":[{"start":{"line":107,"column":7},"end":{"line":107,"column":22}},{"start":{"line":107,"column":26},"end":{"line":107,"column":56}}],"line":107},"10":{"loc":{"start":{"line":108,"column":7},"end":{"line":114,"column":7}},"type":"binary-expr","locations":[{"start":{"line":108,"column":7},"end":{"line":108,"column":23}},{"start":{"line":109,"column":8},"end":{"line":113,"column":10}}],"line":108},"11":{"loc":{"start":{"line":115,"column":7},"end":{"line":115,"column":60}},"type":"binary-expr","locations":[{"start":{"line":115,"column":7},"end":{"line":115,"column":24}},{"start":{"line":115,"column":28},"end":{"line":115,"column":60}}],"line":115},"12":{"loc":{"start":{"line":116,"column":7},"end":{"line":116,"column":79}},"type":"binary-expr","locations":[{"start":{"line":116,"column":7},"end":{"line":116,"column":28}},{"start":{"line":116,"column":32},"end":{"line":116,"column":79}}],"line":116},"13":{"loc":{"start":{"line":117,"column":7},"end":{"line":119,"column":7}},"type":"binary-expr","locations":[{"start":{"line":117,"column":7},"end":{"line":117,"column":30}},{"start":{"line":118,"column":8},"end":{"line":118,"column":57}}],"line":117}},"s":{"0":55,"1":55,"2":55,"3":55,"4":55,"5":55,"6":55,"7":55,"8":55,"9":55,"10":55,"11":2,"12":55,"13":1,"14":55,"15":3,"16":3,"17":3,"18":2,"19":1,"20":55,"21":2,"22":55,"23":2,"24":2,"25":1,"26":1,"27":55,"28":55,"29":0,"30":55,"31":0,"32":55},"f":{"0":55,"1":2,"2":1,"3":3,"4":2,"5":1,"6":2,"7":2,"8":1,"9":1,"10":55},"b":{"0":[21,34],"1":[0,55],"2":[55,28],"3":[0,55],"4":[55,12],"5":[55,28],"6":[55,12,12],"7":[55,2],"8":[55,1],"9":[55,5],"10":[55,2],"11":[55,3],"12":[55,1],"13":[55,1]},"_coverageSchema":"43e27e138ebf9cfc5966b082cf9a028302ed4184","hash":"5537ed4dc1b356afbab3dd107e4bdfa8a6e5f261"}
,"C:\\Users\\bryce\\Documents\\repos\\scheduler\\src\\helpers\\selectors.js": {"path":"C:\\Users\\bryce\\Documents\\repos\\scheduler\\src\\helpers\\selectors.js","statementMap":{"0":{"start":{"line":6,"column":30},"end":{"line":30,"column":1}},"1":{"start":{"line":7,"column":2},"end":{"line":9,"column":3}},"2":{"start":{"line":8,"column":4},"end":{"line":8,"column":72}},"3":{"start":{"line":11,"column":2},"end":{"line":13,"column":3}},"4":{"start":{"line":12,"column":4},"end":{"line":12,"column":14}},"5":{"start":{"line":15,"column":17},"end":{"line":15,"column":52}},"6":{"start":{"line":15,"column":34},"end":{"line":15,"column":48}},"7":{"start":{"line":16,"column":2},"end":{"line":18,"column":3}},"8":{"start":{"line":17,"column":4},"end":{"line":17,"column":14}},"9":{"start":{"line":20,"column":19},"end":{"line":20,"column":38}},"10":{"start":{"line":22,"column":21},"end":{"line":22,"column":23}},"11":{"start":{"line":23,"column":2},"end":{"line":27,"column":3}},"12":{"start":{"line":24,"column":4},"end":{"line":26,"column":5}},"13":{"start":{"line":25,"column":6},"end":{"line":25,"column":52}},"14":{"start":{"line":29,"column":2},"end":{"line":29,"column":20}},"15":{"start":{"line":37,"column":21},"end":{"line":56,"column":1}},"16":{"start":{"line":38,"column":2},"end":{"line":40,"column":3}},"17":{"start":{"line":39,"column":4},"end":{"line":39,"column":63}},"18":{"start":{"line":42,"column":2},"end":{"line":42,"column":30}},"19":{"start":{"line":42,"column":18},"end":{"line":42,"column":30}},"20":{"start":{"line":44,"column":23},"end":{"line":46,"column":3}},"21":{"start":{"line":48,"column":2},"end":{"line":53,"column":3}},"22":{"start":{"line":49,"column":4},"end":{"line":52,"column":5}},"23":{"start":{"line":50,"column":6},"end":{"line":50,"column":69}},"24":{"start":{"line":51,"column":6},"end":{"line":51,"column":26}},"25":{"start":{"line":55,"column":2},"end":{"line":55,"column":14}},"26":{"start":{"line":63,"column":30},"end":{"line":91,"column":1}},"27":{"start":{"line":64,"column":15},"end":{"line":64,"column":25}},"28":{"start":{"line":65,"column":2},"end":{"line":67,"column":3}},"29":{"start":{"line":66,"column":4},"end":{"line":66,"column":14}},"30":{"start":{"line":69,"column":23},"end":{"line":69,"column":41}},"31":{"start":{"line":70,"column":2},"end":{"line":75,"column":3}},"32":{"start":{"line":74,"column":4},"end":{"line":74,"column":14}},"33":{"start":{"line":77,"column":17},"end":{"line":77,"column":52}},"34":{"start":{"line":77,"column":34},"end":{"line":77,"column":48}},"35":{"start":{"line":78,"column":2},"end":{"line":80,"column":3}},"36":{"start":{"line":79,"column":4},"end":{"line":79,"column":14}},"37":{"start":{"line":81,"column":26},"end":{"line":81,"column":45}},"38":{"start":{"line":83,"column":28},"end":{"line":83,"column":30}},"39":{"start":{"line":84,"column":2},"end":{"line":88,"column":3}},"40":{"start":{"line":85,"column":4},"end":{"line":87,"column":5}},"41":{"start":{"line":86,"column":6},"end":{"line":86,"column":59}},"42":{"start":{"line":90,"column":2},"end":{"line":90,"column":27}},"43":{"start":{"line":93,"column":0},"end":{"line":93,"column":80}}},"fnMap":{"0":{"name":"(anonymous_0)","decl":{"start":{"line":6,"column":30},"end":{"line":6,"column":31}},"loc":{"start":{"line":6,"column":63},"end":{"line":30,"column":1}},"line":6},"1":{"name":"(anonymous_1)","decl":{"start":{"line":15,"column":29},"end":{"line":15,"column":30}},"loc":{"start":{"line":15,"column":34},"end":{"line":15,"column":48}},"line":15},"2":{"name":"(anonymous_2)","decl":{"start":{"line":37,"column":21},"end":{"line":37,"column":22}},"loc":{"start":{"line":37,"column":68},"end":{"line":56,"column":1}},"line":37},"3":{"name":"(anonymous_3)","decl":{"start":{"line":63,"column":30},"end":{"line":63,"column":31}},"loc":{"start":{"line":63,"column":46},"end":{"line":91,"column":1}},"line":63},"4":{"name":"(anonymous_4)","decl":{"start":{"line":77,"column":29},"end":{"line":77,"column":30}},"loc":{"start":{"line":77,"column":34},"end":{"line":77,"column":48}},"line":77}},"branchMap":{"0":{"loc":{"start":{"line":7,"column":2},"end":{"line":9,"column":3}},"type":"if","locations":[{"start":{"line":7,"column":2},"end":{"line":9,"column":3}},{"start":{"line":7,"column":2},"end":{"line":9,"column":3}}],"line":7},"1":{"loc":{"start":{"line":7,"column":6},"end":{"line":7,"column":62}},"type":"binary-expr","locations":[{"start":{"line":7,"column":6},"end":{"line":7,"column":26}},{"start":{"line":7,"column":30},"end":{"line":7,"column":62}}],"line":7},"2":{"loc":{"start":{"line":11,"column":2},"end":{"line":13,"column":3}},"type":"if","locations":[{"start":{"line":11,"column":2},"end":{"line":13,"column":3}},{"start":{"line":11,"column":2},"end":{"line":13,"column":3}}],"line":11},"3":{"loc":{"start":{"line":11,"column":6},"end":{"line":11,"column":61}},"type":"binary-expr","locations":[{"start":{"line":11,"column":6},"end":{"line":11,"column":21}},{"start":{"line":11,"column":25},"end":{"line":11,"column":61}}],"line":11},"4":{"loc":{"start":{"line":16,"column":2},"end":{"line":18,"column":3}},"type":"if","locations":[{"start":{"line":16,"column":2},"end":{"line":18,"column":3}},{"start":{"line":16,"column":2},"end":{"line":18,"column":3}}],"line":16},"5":{"loc":{"start":{"line":24,"column":4},"end":{"line":26,"column":5}},"type":"if","locations":[{"start":{"line":24,"column":4},"end":{"line":26,"column":5}},{"start":{"line":24,"column":4},"end":{"line":26,"column":5}}],"line":24},"6":{"loc":{"start":{"line":38,"column":2},"end":{"line":40,"column":3}},"type":"if","locations":[{"start":{"line":38,"column":2},"end":{"line":40,"column":3}},{"start":{"line":38,"column":2},"end":{"line":40,"column":3}}],"line":38},"7":{"loc":{"start":{"line":38,"column":6},"end":{"line":38,"column":74}},"type":"binary-expr","locations":[{"start":{"line":38,"column":6},"end":{"line":38,"column":38}},{"start":{"line":38,"column":42},"end":{"line":38,"column":74}}],"line":38},"8":{"loc":{"start":{"line":42,"column":2},"end":{"line":42,"column":30}},"type":"if","locations":[{"start":{"line":42,"column":2},"end":{"line":42,"column":30}},{"start":{"line":42,"column":2},"end":{"line":42,"column":30}}],"line":42},"9":{"loc":{"start":{"line":48,"column":2},"end":{"line":53,"column":3}},"type":"if","locations":[{"start":{"line":48,"column":2},"end":{"line":53,"column":3}},{"start":{"line":48,"column":2},"end":{"line":53,"column":3}}],"line":48},"10":{"loc":{"start":{"line":49,"column":4},"end":{"line":52,"column":5}},"type":"if","locations":[{"start":{"line":49,"column":4},"end":{"line":52,"column":5}},{"start":{"line":49,"column":4},"end":{"line":52,"column":5}}],"line":49},"11":{"loc":{"start":{"line":65,"column":2},"end":{"line":67,"column":3}},"type":"if","locations":[{"start":{"line":65,"column":2},"end":{"line":67,"column":3}},{"start":{"line":65,"column":2},"end":{"line":67,"column":3}}],"line":65},"12":{"loc":{"start":{"line":65,"column":6},"end":{"line":65,"column":45}},"type":"binary-expr","locations":[{"start":{"line":65,"column":6},"end":{"line":65,"column":26}},{"start":{"line":65,"column":30},"end":{"line":65,"column":45}}],"line":65},"13":{"loc":{"start":{"line":70,"column":2},"end":{"line":75,"column":3}},"type":"if","locations":[{"start":{"line":70,"column":2},"end":{"line":75,"column":3}},{"start":{"line":70,"column":2},"end":{"line":75,"column":3}}],"line":70},"14":{"loc":{"start":{"line":71,"column":4},"end":{"line":72,"column":40}},"type":"binary-expr","locations":[{"start":{"line":71,"column":4},"end":{"line":71,"column":36}},{"start":{"line":72,"column":4},"end":{"line":72,"column":40}}],"line":71},"15":{"loc":{"start":{"line":78,"column":2},"end":{"line":80,"column":3}},"type":"if","locations":[{"start":{"line":78,"column":2},"end":{"line":80,"column":3}},{"start":{"line":78,"column":2},"end":{"line":80,"column":3}}],"line":78},"16":{"loc":{"start":{"line":85,"column":4},"end":{"line":87,"column":5}},"type":"if","locations":[{"start":{"line":85,"column":4},"end":{"line":87,"column":5}},{"start":{"line":85,"column":4},"end":{"line":87,"column":5}}],"line":85}},"s":{"0":2,"1":23,"2":1,"3":22,"4":7,"5":15,"6":35,"7":15,"8":1,"9":14,"10":14,"11":14,"12":30,"13":28,"14":14,"15":2,"16":25,"17":1,"18":24,"19":11,"20":13,"21":13,"22":12,"23":11,"24":11,"25":2,"26":2,"27":27,"28":27,"29":1,"30":26,"31":26,"32":1,"33":25,"34":55,"35":25,"36":1,"37":24,"38":24,"39":24,"40":46,"41":44,"42":24,"43":2},"f":{"0":23,"1":35,"2":25,"3":27,"4":55},"b":{"0":[1,22],"1":[23,22],"2":[7,15],"3":[22,15],"4":[1,14],"5":[28,2],"6":[1,24],"7":[25,24],"8":[11,13],"9":[12,1],"10":[11,1],"11":[1,26],"12":[27,27],"13":[1,25],"14":[26,25],"15":[1,24],"16":[44,2]},"_coverageSchema":"43e27e138ebf9cfc5966b082cf9a028302ed4184","hash":"74120e99c77596ca04e237ca7ae1f5003668f6e5"}
,"C:\\Users\\bryce\\Documents\\repos\\scheduler\\src\\hooks\\useApplicationData.js": {"path":"C:\\Users\\bryce\\Documents\\repos\\scheduler\\src\\hooks\\useApplicationData.js","statementMap":{"0":{"start":{"line":10,"column":27},"end":{"line":100,"column":1}},"1":{"start":{"line":11,"column":27},"end":{"line":11,"column":55}},"2":{"start":{"line":13,"column":16},"end":{"line":13,"column":66}},"3":{"start":{"line":13,"column":25},"end":{"line":13,"column":66}},"4":{"start":{"line":15,"column":23},"end":{"line":39,"column":2}},"5":{"start":{"line":16,"column":2},"end":{"line":38,"column":5}},"6":{"start":{"line":19,"column":4},"end":{"line":37,"column":9}},"7":{"start":{"line":41,"column":25},"end":{"line":50,"column":2}},"8":{"start":{"line":42,"column":2},"end":{"line":49,"column":5}},"9":{"start":{"line":45,"column":4},"end":{"line":48,"column":6}},"10":{"start":{"line":52,"column":1},"end":{"line":97,"column":8}},"11":{"start":{"line":53,"column":20},"end":{"line":55,"column":3}},"12":{"start":{"line":58,"column":2},"end":{"line":60,"column":12}},"13":{"start":{"line":59,"column":3},"end":{"line":59,"column":26}},"14":{"start":{"line":62,"column":2},"end":{"line":79,"column":4}},"15":{"start":{"line":63,"column":16},"end":{"line":63,"column":36}},"16":{"start":{"line":64,"column":45},"end":{"line":64,"column":49}},"17":{"start":{"line":66,"column":3},"end":{"line":78,"column":4}},"18":{"start":{"line":67,"column":4},"end":{"line":67,"column":54}},"19":{"start":{"line":68,"column":10},"end":{"line":78,"column":4}},"20":{"start":{"line":69,"column":4},"end":{"line":77,"column":7}},"21":{"start":{"line":81,"column":2},"end":{"line":95,"column":5}},"22":{"start":{"line":86,"column":3},"end":{"line":94,"column":6}},"23":{"start":{"line":99,"column":1},"end":{"line":99,"column":58}}},"fnMap":{"0":{"name":"(anonymous_0)","decl":{"start":{"line":10,"column":27},"end":{"line":10,"column":28}},"loc":{"start":{"line":10,"column":40},"end":{"line":100,"column":1}},"line":10},"1":{"name":"(anonymous_1)","decl":{"start":{"line":13,"column":16},"end":{"line":13,"column":17}},"loc":{"start":{"line":13,"column":25},"end":{"line":13,"column":66}},"line":13},"2":{"name":"(anonymous_2)","decl":{"start":{"line":15,"column":23},"end":{"line":15,"column":24}},"loc":{"start":{"line":15,"column":50},"end":{"line":39,"column":2}},"line":15},"3":{"name":"(anonymous_3)","decl":{"start":{"line":18,"column":9},"end":{"line":18,"column":10}},"loc":{"start":{"line":19,"column":4},"end":{"line":37,"column":9}},"line":19},"4":{"name":"(anonymous_4)","decl":{"start":{"line":41,"column":25},"end":{"line":41,"column":26}},"loc":{"start":{"line":41,"column":33},"end":{"line":50,"column":2}},"line":41},"5":{"name":"(anonymous_5)","decl":{"start":{"line":44,"column":9},"end":{"line":44,"column":10}},"loc":{"start":{"line":45,"column":4},"end":{"line":48,"column":6}},"line":45},"6":{"name":"(anonymous_6)","decl":{"start":{"line":52,"column":11},"end":{"line":52,"column":12}},"loc":{"start":{"line":52,"column":17},"end":{"line":97,"column":2}},"line":52},"7":{"name":"(anonymous_7)","decl":{"start":{"line":58,"column":14},"end":{"line":58,"column":15}},"loc":{"start":{"line":58,"column":20},"end":{"line":60,"column":3}},"line":58},"8":{"name":"(anonymous_8)","decl":{"start":{"line":62,"column":24},"end":{"line":62,"column":25}},"loc":{"start":{"line":62,"column":33},"end":{"line":79,"column":3}},"line":62},"9":{"name":"(anonymous_9)","decl":{"start":{"line":85,"column":10},"end":{"line":85,"column":11}},"loc":{"start":{"line":85,"column":19},"end":{"line":95,"column":3}},"line":85}},"branchMap":{"0":{"loc":{"start":{"line":19,"column":4},"end":{"line":37,"column":9}},"type":"cond-expr","locations":[{"start":{"line":20,"column":7},"end":{"line":28,"column":9}},{"start":{"line":29,"column":7},"end":{"line":37,"column":9}}],"line":19},"1":{"loc":{"start":{"line":54,"column":3},"end":{"line":54,"column":63}},"type":"binary-expr","locations":[{"start":{"line":54,"column":3},"end":{"line":54,"column":38}},{"start":{"line":54,"column":42},"end":{"line":54,"column":63}}],"line":54},"2":{"loc":{"start":{"line":66,"column":3},"end":{"line":78,"column":4}},"type":"if","locations":[{"start":{"line":66,"column":3},"end":{"line":78,"column":4}},{"start":{"line":66,"column":3},"end":{"line":78,"column":4}}],"line":66},"3":{"loc":{"start":{"line":68,"column":10},"end":{"line":78,"column":4}},"type":"if","locations":[{"start":{"line":68,"column":10},"end":{"line":78,"column":4}},{"start":{"line":68,"column":10},"end":{"line":78,"column":4}}],"line":68},"4":{"loc":{"start":{"line":73,"column":17},"end":{"line":73,"column":34}},"type":"binary-expr","locations":[{"start":{"line":73,"column":17},"end":{"line":73,"column":26}},{"start":{"line":73,"column":30},"end":{"line":73,"column":34}}],"line":73}},"s":{"0":1,"1":16,"2":16,"3":1,"4":16,"5":3,"6":2,"7":16,"8":2,"9":1,"10":16,"11":6,"12":6,"13":0,"14":6,"15":0,"16":0,"17":0,"18":0,"19":0,"20":0,"21":6,"22":6,"23":16},"f":{"0":16,"1":1,"2":3,"3":2,"4":2,"5":1,"6":6,"7":0,"8":0,"9":6},"b":{"0":[1,1],"1":[6,0],"2":[0,0],"3":[0,0],"4":[0,0]},"_coverageSchema":"43e27e138ebf9cfc5966b082cf9a028302ed4184","hash":"7411b741cb57e85c5eb24917ce6b3d393f4cfdb4"}
,"C:\\Users\\bryce\\Documents\\repos\\scheduler\\src\\hooks\\useVisualMode.js": {"path":"C:\\Users\\bryce\\Documents\\repos\\scheduler\\src\\hooks\\useVisualMode.js","statementMap":{"0":{"start":{"line":3,"column":22},"end":{"line":30,"column":1}},"1":{"start":{"line":4,"column":31},"end":{"line":4,"column":50}},"2":{"start":{"line":5,"column":25},"end":{"line":5,"column":42}},"3":{"start":{"line":7,"column":20},"end":{"line":13,"column":2}},"4":{"start":{"line":8,"column":2},"end":{"line":8,"column":13}},"5":{"start":{"line":10,"column":2},"end":{"line":12,"column":3}},"6":{"start":{"line":11,"column":3},"end":{"line":11,"column":38}},"7":{"start":{"line":11,"column":24},"end":{"line":11,"column":36}},"8":{"start":{"line":15,"column":14},"end":{"line":27,"column":2}},"9":{"start":{"line":17,"column":2},"end":{"line":26,"column":3}},"10":{"start":{"line":18,"column":3},"end":{"line":18,"column":17}},"11":{"start":{"line":21,"column":14},"end":{"line":21,"column":26}},"12":{"start":{"line":22,"column":3},"end":{"line":22,"column":12}},"13":{"start":{"line":23,"column":16},"end":{"line":23,"column":33}},"14":{"start":{"line":24,"column":3},"end":{"line":24,"column":23}},"15":{"start":{"line":25,"column":3},"end":{"line":25,"column":17}},"16":{"start":{"line":29,"column":1},"end":{"line":29,"column":35}}},"fnMap":{"0":{"name":"(anonymous_0)","decl":{"start":{"line":3,"column":22},"end":{"line":3,"column":23}},"loc":{"start":{"line":3,"column":35},"end":{"line":30,"column":1}},"line":3},"1":{"name":"(anonymous_1)","decl":{"start":{"line":7,"column":20},"end":{"line":7,"column":21}},"loc":{"start":{"line":7,"column":44},"end":{"line":13,"column":2}},"line":7},"2":{"name":"(anonymous_2)","decl":{"start":{"line":11,"column":14},"end":{"line":11,"column":15}},"loc":{"start":{"line":11,"column":24},"end":{"line":11,"column":36}},"line":11},"3":{"name":"(anonymous_3)","decl":{"start":{"line":15,"column":14},"end":{"line":15,"column":15}},"loc":{"start":{"line":15,"column":20},"end":{"line":27,"column":2}},"line":15}},"branchMap":{"0":{"loc":{"start":{"line":7,"column":24},"end":{"line":7,"column":39}},"type":"default-arg","locations":[{"start":{"line":7,"column":34},"end":{"line":7,"column":39}}],"line":7},"1":{"loc":{"start":{"line":10,"column":2},"end":{"line":12,"column":3}},"type":"if","locations":[{"start":{"line":10,"column":2},"end":{"line":12,"column":3}},{"start":{"line":10,"column":2},"end":{"line":12,"column":3}}],"line":10},"2":{"loc":{"start":{"line":17,"column":2},"end":{"line":26,"column":3}},"type":"if","locations":[{"start":{"line":17,"column":2},"end":{"line":26,"column":3}},{"start":{"line":17,"column":2},"end":{"line":26,"column":3}}],"line":17}},"s":{"0":3,"1":68,"2":68,"3":68,"4":20,"5":20,"6":15,"7":15,"8":68,"9":4,"10":1,"11":3,"12":3,"13":3,"14":3,"15":3,"16":68},"f":{"0":68,"1":20,"2":15,"3":4},"b":{"0":[15],"1":[15,5],"2":[1,3]},"_coverageSchema":"43e27e138ebf9cfc5966b082cf9a028302ed4184","hash":"ae4f116d4ec5a8b0bfea4005294eb785d2609d24"}
,"C:\\Users\\bryce\\Documents\\repos\\scheduler\\src\\reducers\\application.js": {"path":"C:\\Users\\bryce\\Documents\\repos\\scheduler\\src\\reducers\\application.js","statementMap":{"0":{"start":{"line":1,"column":23},"end":{"line":1,"column":32}},"1":{"start":{"line":2,"column":36},"end":{"line":2,"column":58}},"2":{"start":{"line":3,"column":29},"end":{"line":3,"column":44}},"3":{"start":{"line":4,"column":22},"end":{"line":4,"column":30}},"4":{"start":{"line":7,"column":1},"end":{"line":49,"column":2}},"5":{"start":{"line":9,"column":3},"end":{"line":9,"column":25}},"6":{"start":{"line":11,"column":3},"end":{"line":11,"column":37}},"7":{"start":{"line":13,"column":3},"end":{"line":13,"column":51}},"8":{"start":{"line":15,"column":49},"end":{"line":15,"column":56}},"9":{"start":{"line":16,"column":3},"end":{"line":16,"column":75}},"10":{"start":{"line":16,"column":62},"end":{"line":16,"column":75}},"11":{"start":{"line":18,"column":23},"end":{"line":21,"column":4}},"12":{"start":{"line":23,"column":24},"end":{"line":26,"column":4}},"13":{"start":{"line":28,"column":14},"end":{"line":28,"column":29}},"14":{"start":{"line":31,"column":3},"end":{"line":39,"column":4}},"15":{"start":{"line":32,"column":4},"end":{"line":34,"column":6}},"16":{"start":{"line":33,"column":5},"end":{"line":33,"column":75}},"17":{"start":{"line":35,"column":10},"end":{"line":39,"column":4}},"18":{"start":{"line":36,"column":4},"end":{"line":38,"column":6}},"19":{"start":{"line":37,"column":5},"end":{"line":37,"column":75}},"20":{"start":{"line":41,"column":3},"end":{"line":45,"column":5}},"21":{"start":{"line":48,"column":3},"end":{"line":48,"column":76}}},"fnMap":{"0":{"name":"reducer","decl":{"start":{"line":6,"column":24},"end":{"line":6,"column":31}},"loc":{"start":{"line":6,"column":58},"end":{"line":50,"column":1}},"line":6},"1":{"name":"(anonymous_1)","decl":{"start":{"line":32,"column":26},"end":{"line":32,"column":27}},"loc":{"start":{"line":33,"column":5},"end":{"line":33,"column":75}},"line":33},"2":{"name":"(anonymous_2)","decl":{"start":{"line":36,"column":26},"end":{"line":36,"column":27}},"loc":{"start":{"line":37,"column":5},"end":{"line":37,"column":75}},"line":37}},"branchMap":{"0":{"loc":{"start":{"line":7,"column":1},"end":{"line":49,"column":2}},"type":"switch","locations":[{"start":{"line":8,"column":2},"end":{"line":9,"column":25}},{"start":{"line":10,"column":2},"end":{"line":11,"column":37}},{"start":{"line":12,"column":2},"end":{"line":13,"column":51}},{"start":{"line":14,"column":2},"end":{"line":45,"column":5}},{"start":{"line":47,"column":2},"end":{"line":48,"column":76}}],"line":7},"1":{"loc":{"start":{"line":16,"column":3},"end":{"line":16,"column":75}},"type":"if","locations":[{"start":{"line":16,"column":3},"end":{"line":16,"column":75}},{"start":{"line":16,"column":3},"end":{"line":16,"column":75}}],"line":16},"2":{"loc":{"start":{"line":16,"column":7},"end":{"line":16,"column":60}},"type":"binary-expr","locations":[{"start":{"line":16,"column":7},"end":{"line":16,"column":29}},{"start":{"line":16,"column":33},"end":{"line":16,"column":60}}],"line":16},"3":{"loc":{"start":{"line":31,"column":3},"end":{"line":39,"column":4}},"type":"if","locations":[{"start":{"line":31,"column":3},"end":{"line":39,"column":4}},{"start":{"line":31,"column":3},"end":{"line":39,"column":4}}],"line":31},"4":{"loc":{"start":{"line":31,"column":7},"end":{"line":31,"column":29}},"type":"binary-expr","locations":[{"start":{"line":31,"column":7},"end":{"line":31,"column":15}},{"start":{"line":31,"column":19},"end":{"line":31,"column":29}}],"line":31},"5":{"loc":{"start":{"line":33,"column":5},"end":{"line":33,"column":75}},"type":"cond-expr","locations":[{"start":{"line":33,"column":37},"end":{"line":33,"column":69}},{"start":{"line":33,"column":72},"end":{"line":33,"column":75}}],"line":33},"6":{"loc":{"start":{"line":35,"column":10},"end":{"line":39,"column":4}},"type":"if","locations":[{"start":{"line":35,"column":10},"end":{"line":39,"column":4}},{"start":{"line":35,"column":10},"end":{"line":39,"column":4}}],"line":35},"7":{"loc":{"start":{"line":37,"column":5},"end":{"line":37,"column":75}},"type":"cond-expr","locations":[{"start":{"line":37,"column":37},"end":{"line":37,"column":69}},{"start":{"line":37,"column":72},"end":{"line":37,"column":75}}],"line":37}},"s":{"0":2,"1":2,"2":2,"3":2,"4":11,"5":6,"6":1,"7":0,"8":3,"9":3,"10":0,"11":3,"12":3,"13":3,"14":3,"15":1,"16":2,"17":2,"18":1,"19":2,"20":3,"21":1},"f":{"0":11,"1":2,"2":2},"b":{"0":[6,1,0,3,1],"1":[0,3],"2":[3,0],"3":[1,2],"4":[3,2],"5":[1,1],"6":[1,1],"7":[1,1]},"_coverageSchema":"43e27e138ebf9cfc5966b082cf9a028302ed4184","hash":"5dd2aded231b29d536d52057e4c89346017a25f4"}
}
