TN:
SF:C:\Users\bryce\Documents\repos\scheduler\src\components\Application.js
FN:13,Application
FN:22,(anonymous_1)
FNF:2
FNH:2
FNDA:16,Application
FNDA:20,(anonymous_1)
DA:14,16
DA:22,16
DA:23,20
DA:35,16
LF:4
LH:4
BRF:0
BRH:0
end_of_record
TN:
SF:C:\Users\bryce\Documents\repos\scheduler\src\components\Button.js
FN:6,Button
FNF:1
FNH:1
FNDA:51,Button
DA:13,51
DA:18,51
LF:2
LH:2
BRF:0
BRH:0
end_of_record
TN:
SF:C:\Users\bryce\Documents\repos\scheduler\src\components\DayList.js
FN:5,DayList
FN:8,(anonymous_1)
FNF:2
FNH:2
FNDA:16,DayList
FNDA:20,(anonymous_1)
DA:6,16
DA:9,20
LF:2
LH:2
BRF:0
BRH:0
end_of_record
TN:
SF:C:\Users\bryce\Documents\repos\scheduler\src\components\DayListItem.js
FN:5,DayListItem
FN:11,(anonymous_1)
FN:22,(anonymous_2)
FNF:3
FNH:3
FNDA:24,DayListItem
FNDA:24,(anonymous_1)
FNDA:1,(anonymous_2)
DA:6,24
DA:11,24
DA:12,24
DA:13,2
DA:14,22
DA:15,19
DA:17,3
DA:21,24
DA:22,1
LF:9
LH:9
BRDA:12,0,0,2
BRDA:12,0,1,22
BRDA:14,1,0,19
BRDA:14,1,1,3
BRF:4
BRH:4
end_of_record
TN:
SF:C:\Users\bryce\Documents\repos\scheduler\src\components\InterviewerList.js
FN:6,InterviewerList
FN:11,(anonymous_1)
FN:16,(anonymous_2)
FNF:3
FNH:3
FNDA:20,InterviewerList
FNDA:29,(anonymous_1)
FNDA:3,(anonymous_2)
DA:7,20
DA:12,29
DA:16,3
DA:27,3
LF:4
LH:4
BRF:0
BRH:0
end_of_record
TN:
SF:C:\Users\bryce\Documents\repos\scheduler\src\components\InterviewerListItem.js
FN:5,InterviewerListItem
FNF:1
FNH:1
FNDA:29,InterviewerListItem
DA:11,29
DA:15,29
LF:2
LH:2
BRDA:18,0,0,29
BRDA:18,0,1,5
BRF:2
BRH:2
end_of_record
TN:
SF:C:\Users\bryce\Documents\repos\scheduler\src\components\Appointment\Confirm.js
FN:4,Confirm
FNF:1
FNH:1
FNDA:2,Confirm
DA:5,2
LF:1
LH:1
BRF:0
BRH:0
end_of_record
TN:
SF:C:\Users\bryce\Documents\repos\scheduler\src\components\Appointment\Empty.js
FN:3,Empty
FNF:1
FNH:1
FNDA:28,Empty
DA:4,28
LF:1
LH:1
BRF:0
BRH:0
end_of_record
TN:
SF:C:\Users\bryce\Documents\repos\scheduler\src\components\Appointment\Error.js
FN:3,Error
FNF:1
FNH:1
FNDA:2,Error
DA:4,2
LF:1
LH:1
BRF:0
BRH:0
end_of_record
TN:
SF:C:\Users\bryce\Documents\repos\scheduler\src\components\Appointment\Form.js
FN:5,Form
FN:17,(anonymous_1)
FN:22,(anonymous_2)
FN:27,(anonymous_3)
FN:31,(anonymous_4)
FN:55,(anonymous_5)
FN:62,(anonymous_6)
FNF:7
FNH:7
FNDA:20,Form
FNDA:1,(anonymous_1)
FNDA:1,(anonymous_2)
FNDA:1,(anonymous_3)
FNDA:7,(anonymous_4)
FNDA:4,(anonymous_5)
FNDA:3,(anonymous_6)
DA:13,20
DA:14,20
DA:15,20
DA:17,20
DA:18,1
DA:19,1
DA:22,20
DA:23,1
DA:24,1
DA:27,20
DA:28,1
DA:31,20
DA:32,7
DA:33,2
DA:35,5
DA:36,5
DA:40,20
DA:55,4
DA:63,3
LF:19
LH:19
BRDA:13,0,0,20
BRDA:13,0,1,13
BRDA:14,1,0,20
BRDA:14,1,1,17
BRDA:32,2,0,2
BRDA:32,2,1,5
BRF:6
BRH:6
end_of_record
TN:
SF:C:\Users\bryce\Documents\repos\scheduler\src\components\Appointment\Header.js
FN:3,Header
FNF:1
FNH:1
FNDA:55,Header
DA:4,55
LF:1
LH:1
BRF:0
BRH:0
end_of_record
TN:
SF:C:\Users\bryce\Documents\repos\scheduler\src\components\Appointment\Show.js
FN:3,Show
FNF:1
FNH:1
FNDA:12,Show
DA:4,12
LF:1
LH:1
BRF:0
BRH:0
end_of_record
TN:
SF:C:\Users\bryce\Documents\repos\scheduler\src\components\Appointment\Status.js
FN:3,Status
FNF:1
FNH:1
FNDA:8,Status
DA:4,8
LF:1
LH:1
BRF:0
BRH:0
end_of_record
TN:
SF:C:\Users\bryce\Documents\repos\scheduler\src\components\Appointment\index.js
FN:13,Appointment
FN:33,(anonymous_1)
FN:37,(anonymous_2)
FN:41,(anonymous_3)
FN:49,(anonymous_4)
FN:52,(anonymous_5)
FN:57,(anonymous_6)
FN:61,(anonymous_7)
FN:64,(anonymous_8)
FN:67,(anonymous_9)
FN:72,(anonymous_10)
FNF:11
FNH:11
FNDA:55,Appointment
FNDA:2,(anonymous_1)
FNDA:1,(anonymous_2)
FNDA:3,(anonymous_3)
FNDA:2,(anonymous_4)
FNDA:1,(anonymous_5)
FNDA:2,(anonymous_6)
FNDA:2,(anonymous_7)
FNDA:1,(anonymous_8)
FNDA:1,(anonymous_9)
FNDA:55,(anonymous_10)
DA:21,55
DA:22,55
DA:23,55
DA:24,55
DA:25,55
DA:26,55
DA:27,55
DA:28,55
DA:29,55
DA:31,55
DA:33,55
DA:34,2
DA:37,55
DA:38,1
DA:41,55
DA:42,3
DA:47,3
DA:48,3
DA:50,2
DA:53,1
DA:57,55
DA:58,2
DA:61,55
DA:62,2
DA:63,2
DA:65,1
DA:68,1
DA:72,55
DA:73,55
DA:74,55
DA:77,55
LF:31
LH:31
BRDA:31,0,0,21
BRDA:31,0,1,34
BRDA:73,1,0,0
BRDA:73,1,1,55
BRDA:73,2,0,55
BRDA:73,2,1,28
BRDA:74,3,0,0
BRDA:74,3,1,55
BRDA:74,4,0,55
BRDA:74,4,1,12
BRDA:80,5,0,55
BRDA:80,5,1,28
BRDA:81,6,0,55
BRDA:81,6,1,12
BRDA:81,6,2,12
BRDA:89,7,0,55
BRDA:89,7,1,2
BRDA:97,8,0,55
BRDA:97,8,1,1
BRDA:107,9,0,55
BRDA:107,9,1,5
BRDA:108,10,0,55
BRDA:108,10,1,2
BRDA:115,11,0,55
BRDA:115,11,1,3
BRDA:116,12,0,55
BRDA:116,12,1,1
BRDA:117,13,0,55
BRDA:117,13,1,1
BRF:29
BRH:27
end_of_record
TN:
SF:C:\Users\bryce\Documents\repos\scheduler\src\helpers\selectors.js
FN:6,(anonymous_0)
FN:15,(anonymous_1)
FN:37,(anonymous_2)
FN:63,(anonymous_3)
FN:77,(anonymous_4)
FNF:5
FNH:5
FNDA:23,(anonymous_0)
FNDA:35,(anonymous_1)
FNDA:25,(anonymous_2)
FNDA:27,(anonymous_3)
FNDA:55,(anonymous_4)
DA:6,2
DA:7,23
DA:8,1
DA:11,22
DA:12,7
DA:15,35
DA:16,15
DA:17,1
DA:20,14
DA:22,14
DA:23,14
DA:24,30
DA:25,28
DA:29,14
DA:37,2
DA:38,25
DA:39,1
DA:42,24
DA:44,13
DA:48,13
DA:49,12
DA:50,11
DA:51,11
DA:55,2
DA:63,2
DA:64,27
DA:65,27
DA:66,1
DA:69,26
DA:70,26
DA:74,1
DA:77,55
DA:78,25
DA:79,1
DA:81,24
DA:83,24
DA:84,24
DA:85,46
DA:86,44
DA:90,24
DA:93,2
LF:41
LH:41
BRDA:7,0,0,1
BRDA:7,0,1,22
BRDA:7,1,0,23
BRDA:7,1,1,22
BRDA:11,2,0,7
BRDA:11,2,1,15
BRDA:11,3,0,22
BRDA:11,3,1,15
BRDA:16,4,0,1
BRDA:16,4,1,14
BRDA:24,5,0,28
BRDA:24,5,1,2
BRDA:38,6,0,1
BRDA:38,6,1,24
BRDA:38,7,0,25
BRDA:38,7,1,24
BRDA:42,8,0,11
BRDA:42,8,1,13
BRDA:48,9,0,12
BRDA:48,9,1,1
BRDA:49,10,0,11
BRDA:49,10,1,1
BRDA:65,11,0,1
BRDA:65,11,1,26
BRDA:65,12,0,27
BRDA:65,12,1,27
BRDA:70,13,0,1
BRDA:70,13,1,25
BRDA:71,14,0,26
BRDA:71,14,1,25
BRDA:78,15,0,1
BRDA:78,15,1,24
BRDA:85,16,0,44
BRDA:85,16,1,2
BRF:34
BRH:34
end_of_record
TN:
SF:C:\Users\bryce\Documents\repos\scheduler\src\hooks\useApplicationData.js
FN:10,(anonymous_0)
FN:13,(anonymous_1)
FN:15,(anonymous_2)
FN:18,(anonymous_3)
FN:41,(anonymous_4)
FN:44,(anonymous_5)
FN:52,(anonymous_6)
FN:58,(anonymous_7)
FN:62,(anonymous_8)
FN:85,(anonymous_9)
FNF:10
FNH:8
FNDA:16,(anonymous_0)
FNDA:1,(anonymous_1)
FNDA:3,(anonymous_2)
FNDA:2,(anonymous_3)
FNDA:2,(anonymous_4)
FNDA:1,(anonymous_5)
FNDA:6,(anonymous_6)
FNDA:0,(anonymous_7)
FNDA:0,(anonymous_8)
FNDA:6,(anonymous_9)
DA:10,1
DA:11,16
DA:13,16
DA:15,16
DA:16,3
DA:19,2
DA:41,16
DA:42,2
DA:45,1
DA:52,16
DA:53,6
DA:58,6
DA:59,0
DA:62,6
DA:63,0
DA:64,0
DA:66,0
DA:67,0
DA:68,0
DA:69,0
DA:81,6
DA:86,6
DA:99,16
LF:23
LH:16
BRDA:19,0,0,1
BRDA:19,0,1,1
BRDA:54,1,0,6
BRDA:54,1,1,0
BRDA:66,2,0,0
BRDA:66,2,1,0
BRDA:68,3,0,0
BRDA:68,3,1,0
BRDA:73,4,0,0
BRDA:73,4,1,0
BRF:10
BRH:3
end_of_record
TN:
SF:C:\Users\bryce\Documents\repos\scheduler\src\hooks\useVisualMode.js
FN:3,(anonymous_0)
FN:7,(anonymous_1)
FN:11,(anonymous_2)
FN:15,(anonymous_3)
FNF:4
FNH:4
FNDA:68,(anonymous_0)
FNDA:20,(anonymous_1)
FNDA:15,(anonymous_2)
FNDA:4,(anonymous_3)
DA:3,3
DA:4,68
DA:5,68
DA:7,68
DA:8,20
DA:10,20
DA:11,15
DA:15,68
DA:17,4
DA:18,1
DA:21,3
DA:22,3
DA:23,3
DA:24,3
DA:25,3
DA:29,68
LF:16
LH:16
BRDA:7,0,0,15
BRDA:10,1,0,15
BRDA:10,1,1,5
BRDA:17,2,0,1
BRDA:17,2,1,3
BRF:5
BRH:5
end_of_record
TN:
SF:C:\Users\bryce\Documents\repos\scheduler\src\reducers\application.js
FN:6,reducer
FN:32,(anonymous_1)
FN:36,(anonymous_2)
FNF:3
FNH:3
FNDA:11,reducer
FNDA:2,(anonymous_1)
FNDA:2,(anonymous_2)
DA:1,2
DA:2,2
DA:3,2
DA:4,2
DA:7,11
DA:9,6
DA:11,1
DA:13,0
DA:15,3
DA:16,3
DA:18,3
DA:23,3
DA:28,3
DA:31,3
DA:32,1
DA:33,2
DA:35,2
DA:36,1
DA:37,2
DA:41,3
DA:48,1
LF:21
LH:20
BRDA:7,0,0,6
BRDA:7,0,1,1
BRDA:7,0,2,0
BRDA:7,0,3,3
BRDA:7,0,4,1
BRDA:16,1,0,0
BRDA:16,1,1,3
BRDA:16,2,0,3
BRDA:16,2,1,0
BRDA:31,3,0,1
BRDA:31,3,1,2
BRDA:31,4,0,3
BRDA:31,4,1,2
BRDA:33,5,0,1
BRDA:33,5,1,1
BRDA:35,6,0,1
BRDA:35,6,1,1
BRDA:37,7,0,1
BRDA:37,7,1,1
BRF:19
BRH:16
end_of_record
